2025-10-20T14:40:59.311+02:00  INFO 3320820 --- [main] Version1.Application                     : Starting Application using Java 23 with PID 3320820 (/home/admin1/IdeaProjects/MovieLand/target/classes started by admin1 in /home/admin1/IdeaProjects/MovieLand)
2025-10-20T14:40:59.316+02:00  INFO 3320820 --- [main] Version1.Application                     : No active profile set, falling back to 1 default profile: "default"
2025-10-20T14:40:59.943+02:00  INFO 3320820 --- [main] .s.d.r.c.RepositoryConfigurationDelegate : Bootstrapping Spring Data JPA repositories in DEFAULT mode.
2025-10-20T14:40:59.989+02:00  INFO 3320820 --- [main] .s.d.r.c.RepositoryConfigurationDelegate : Finished Spring Data repository scanning in 39 ms. Found 6 JPA repository interfaces.
2025-10-20T14:41:00.466+02:00  INFO 3320820 --- [main] o.s.b.w.embedded.tomcat.TomcatWebServer  : Tomcat initialized with port 8081 (http)
2025-10-20T14:41:00.475+02:00  INFO 3320820 --- [main] o.apache.catalina.core.StandardService   : Starting service [Tomcat]
2025-10-20T14:41:00.475+02:00  INFO 3320820 --- [main] o.apache.catalina.core.StandardEngine    : Starting Servlet engine: [Apache Tomcat/10.1.46]
2025-10-20T14:41:00.505+02:00  INFO 3320820 --- [main] o.a.c.c.C.[Tomcat].[localhost].[/]       : Initializing Spring embedded WebApplicationContext
2025-10-20T14:41:00.506+02:00  INFO 3320820 --- [main] w.s.c.ServletWebServerApplicationContext : Root WebApplicationContext: initialization completed in 1126 ms
2025-10-20T14:41:00.645+02:00  INFO 3320820 --- [main] o.hibernate.jpa.internal.util.LogHelper  : HHH000204: Processing PersistenceUnitInfo [name: default]
2025-10-20T14:41:00.700+02:00  INFO 3320820 --- [main] org.hibernate.Version                    : HHH000412: Hibernate ORM core version 6.6.29.Final
2025-10-20T14:41:00.735+02:00  INFO 3320820 --- [main] o.h.c.internal.RegionFactoryInitiator    : HHH000026: Second-level cache disabled
2025-10-20T14:41:00.984+02:00  INFO 3320820 --- [main] o.s.o.j.p.SpringPersistenceUnitInfo      : No LoadTimeWeaver setup: ignoring JPA class transformer
2025-10-20T14:41:01.011+02:00  INFO 3320820 --- [main] com.zaxxer.hikari.HikariDataSource       : HikariPool-1 - Starting...
2025-10-20T14:41:01.268+02:00  INFO 3320820 --- [main] com.zaxxer.hikari.pool.HikariPool        : HikariPool-1 - Added connection conn1: url=jdbc:h2:file:./data/films user=SA
2025-10-20T14:41:01.269+02:00  INFO 3320820 --- [main] com.zaxxer.hikari.HikariDataSource       : HikariPool-1 - Start completed.
2025-10-20T14:41:01.284+02:00  WARN 3320820 --- [main] org.hibernate.orm.deprecation            : HHH90000025: H2Dialect does not need to be specified explicitly using 'hibernate.dialect' (remove the property setting and it will be selected by default)
2025-10-20T14:41:01.298+02:00  INFO 3320820 --- [main] org.hibernate.orm.connections.pooling    : HHH10001005: Database info:
	Database JDBC URL [Connecting through datasource 'HikariDataSource (HikariPool-1)']
	Database driver: undefined/unknown
	Database version: 2.3.232
	Autocommit mode: undefined/unknown
	Isolation level: undefined/unknown
	Minimum pool size: undefined/unknown
	Maximum pool size: undefined/unknown
2025-10-20T14:41:01.900+02:00  INFO 3320820 --- [main] o.h.e.t.j.p.i.JtaPlatformInitiator       : HHH000489: No JTA platform available (set 'hibernate.transaction.jta.platform' to enable JTA platform integration)
2025-10-20T14:41:01.931+02:00  INFO 3320820 --- [main] j.LocalContainerEntityManagerFactoryBean : Initialized JPA EntityManagerFactory for persistence unit 'default'
2025-10-20T14:41:02.238+02:00  WARN 3320820 --- [main] JpaBaseConfiguration$JpaWebConfiguration : spring.jpa.open-in-view is enabled by default. Therefore, database queries may be performed during view rendering. Explicitly configure spring.jpa.open-in-view to disable this warning
2025-10-20T14:41:02.427+02:00  INFO 3320820 --- [main] o.s.b.a.h2.H2ConsoleAutoConfiguration    : H2 console available at '/h2-console'. Database available at 'jdbc:h2:file:./data/films'
2025-10-20T14:41:02.478+02:00  INFO 3320820 --- [main] o.s.b.w.embedded.tomcat.TomcatWebServer  : Tomcat started on port 8081 (http) with context path '/'
2025-10-20T14:41:02.485+02:00  INFO 3320820 --- [main] Version1.Application                     : Started Application in 3.729 seconds (process running for 4.194)
2025-10-20T14:41:02.487+02:00  INFO 3320820 --- [main] Version1.DataLoader                      : 🚀 Начинаем загрузку данных...
2025-10-20T14:43:39.645+02:00  INFO 3320820 --- [http-nio-8081-exec-2] o.a.c.c.C.[Tomcat].[localhost].[/]       : Initializing Spring DispatcherServlet 'dispatcherServlet'
2025-10-20T14:43:39.645+02:00  INFO 3320820 --- [http-nio-8081-exec-2] o.s.web.servlet.DispatcherServlet        : Initializing Servlet 'dispatcherServlet'
2025-10-20T14:43:39.648+02:00  INFO 3320820 --- [http-nio-8081-exec-2] o.s.web.servlet.DispatcherServlet        : Completed initialization in 2 ms
2025-10-20T14:43:54.119+02:00  WARN 3320820 --- [http-nio-8081-exec-3] Version1.MovieExceptionHandler           : ❗ Пользователь не найден: user  control ID 8 not found
2025-10-20T14:53:02.897+02:00  INFO 3320820 --- [SpringApplicationShutdownHook] o.s.b.w.e.tomcat.GracefulShutdown        : Commencing graceful shutdown. Waiting for active requests to complete
2025-10-20T14:53:02.918+02:00  INFO 3320820 --- [tomcat-shutdown] o.s.b.w.e.tomcat.GracefulShutdown        : Graceful shutdown complete
2025-10-20T14:53:02.944+02:00  INFO 3320820 --- [SpringApplicationShutdownHook] j.LocalContainerEntityManagerFactoryBean : Closing JPA EntityManagerFactory for persistence unit 'default'
2025-10-20T14:53:02.964+02:00  INFO 3320820 --- [SpringApplicationShutdownHook] com.zaxxer.hikari.HikariDataSource       : HikariPool-1 - Shutdown initiated...
2025-10-20T14:53:02.972+02:00  INFO 3320820 --- [SpringApplicationShutdownHook] com.zaxxer.hikari.HikariDataSource       : HikariPool-1 - Shutdown completed.
2025-10-20T14:53:09.482+02:00  INFO 3321852 --- [main] Version1.Application                     : Starting Application using Java 25 with PID 3321852 (/home/admin1/IdeaProjects/MovieLand/target/classes started by admin1 in /home/admin1/IdeaProjects/MovieLand)
2025-10-20T14:53:09.487+02:00  INFO 3321852 --- [main] Version1.Application                     : No active profile set, falling back to 1 default profile: "default"
2025-10-20T14:53:11.757+02:00  INFO 3321852 --- [main] .s.d.r.c.RepositoryConfigurationDelegate : Bootstrapping Spring Data JPA repositories in DEFAULT mode.
2025-10-20T14:53:12.129+02:00  INFO 3321852 --- [main] .s.d.r.c.RepositoryConfigurationDelegate : Finished Spring Data repository scanning in 302 ms. Found 6 JPA repository interfaces.
2025-10-20T14:53:13.694+02:00  INFO 3321852 --- [main] o.s.b.w.embedded.tomcat.TomcatWebServer  : Tomcat initialized with port 8081 (http)
2025-10-20T14:53:13.722+02:00  INFO 3321852 --- [main] o.apache.catalina.core.StandardService   : Starting service [Tomcat]
2025-10-20T14:53:13.723+02:00  INFO 3321852 --- [main] o.apache.catalina.core.StandardEngine    : Starting Servlet engine: [Apache Tomcat/10.1.46]
2025-10-20T14:53:13.804+02:00  INFO 3321852 --- [main] o.a.c.c.C.[Tomcat].[localhost].[/]       : Initializing Spring embedded WebApplicationContext
2025-10-20T14:53:13.805+02:00  INFO 3321852 --- [main] w.s.c.ServletWebServerApplicationContext : Root WebApplicationContext: initialization completed in 4216 ms
2025-10-20T14:53:14.163+02:00  INFO 3321852 --- [main] o.hibernate.jpa.internal.util.LogHelper  : HHH000204: Processing PersistenceUnitInfo [name: default]
2025-10-20T14:53:14.255+02:00  INFO 3321852 --- [main] org.hibernate.Version                    : HHH000412: Hibernate ORM core version 6.6.29.Final
2025-10-20T14:53:14.333+02:00  INFO 3321852 --- [main] o.h.c.internal.RegionFactoryInitiator    : HHH000026: Second-level cache disabled
2025-10-20T14:53:15.272+02:00  INFO 3321852 --- [main] o.s.o.j.p.SpringPersistenceUnitInfo      : No LoadTimeWeaver setup: ignoring JPA class transformer
2025-10-20T14:53:15.353+02:00  INFO 3321852 --- [main] com.zaxxer.hikari.HikariDataSource       : HikariPool-1 - Starting...
2025-10-20T14:53:16.409+02:00  INFO 3321852 --- [main] com.zaxxer.hikari.pool.HikariPool        : HikariPool-1 - Added connection conn1: url=jdbc:h2:file:./data/films user=SA
2025-10-20T14:53:16.415+02:00  INFO 3321852 --- [main] com.zaxxer.hikari.HikariDataSource       : HikariPool-1 - Start completed.
2025-10-20T14:53:16.533+02:00  WARN 3321852 --- [main] org.hibernate.orm.deprecation            : HHH90000025: H2Dialect does not need to be specified explicitly using 'hibernate.dialect' (remove the property setting and it will be selected by default)
2025-10-20T14:53:16.683+02:00  INFO 3321852 --- [main] org.hibernate.orm.connections.pooling    : HHH10001005: Database info:
	Database JDBC URL [Connecting through datasource 'HikariDataSource (HikariPool-1)']
	Database driver: undefined/unknown
	Database version: 2.3.232
	Autocommit mode: undefined/unknown
	Isolation level: undefined/unknown
	Minimum pool size: undefined/unknown
	Maximum pool size: undefined/unknown
2025-10-20T14:53:19.422+02:00  INFO 3321852 --- [main] o.h.e.t.j.p.i.JtaPlatformInitiator       : HHH000489: No JTA platform available (set 'hibernate.transaction.jta.platform' to enable JTA platform integration)
2025-10-20T14:53:19.547+02:00  INFO 3321852 --- [main] j.LocalContainerEntityManagerFactoryBean : Initialized JPA EntityManagerFactory for persistence unit 'default'
2025-10-20T14:53:20.579+02:00  WARN 3321852 --- [main] JpaBaseConfiguration$JpaWebConfiguration : spring.jpa.open-in-view is enabled by default. Therefore, database queries may be performed during view rendering. Explicitly configure spring.jpa.open-in-view to disable this warning
2025-10-20T14:53:21.360+02:00  INFO 3321852 --- [main] o.s.b.a.h2.H2ConsoleAutoConfiguration    : H2 console available at '/h2-console'. Database available at 'jdbc:h2:file:./data/films'
2025-10-20T14:53:21.624+02:00  INFO 3321852 --- [main] o.s.b.w.embedded.tomcat.TomcatWebServer  : Tomcat started on port 8081 (http) with context path '/'
2025-10-20T14:53:21.652+02:00  INFO 3321852 --- [main] Version1.Application                     : Started Application in 13.028 seconds (process running for 13.62)
2025-10-20T14:53:21.663+02:00  INFO 3321852 --- [main] Version1.DataLoader                      : 🚀 Начинаем загрузку данных...
2025-10-20T15:38:09.522+02:00  INFO 3321852 --- [SpringApplicationShutdownHook] o.s.b.w.e.tomcat.GracefulShutdown        : Commencing graceful shutdown. Waiting for active requests to complete
2025-10-20T15:38:09.531+02:00  INFO 3321852 --- [tomcat-shutdown] o.s.b.w.e.tomcat.GracefulShutdown        : Graceful shutdown complete
2025-10-20T15:38:09.538+02:00  INFO 3321852 --- [SpringApplicationShutdownHook] j.LocalContainerEntityManagerFactoryBean : Closing JPA EntityManagerFactory for persistence unit 'default'
2025-10-20T15:38:09.544+02:00  INFO 3321852 --- [SpringApplicationShutdownHook] com.zaxxer.hikari.HikariDataSource       : HikariPool-1 - Shutdown initiated...
2025-10-20T15:38:09.550+02:00  INFO 3321852 --- [SpringApplicationShutdownHook] com.zaxxer.hikari.HikariDataSource       : HikariPool-1 - Shutdown completed.
2025-10-20T15:38:13.500+02:00  INFO 3326477 --- [main] Version1.Application                     : Starting Application using Java 25 with PID 3326477 (/home/admin1/IdeaProjects/MovieLand/target/classes started by admin1 in /home/admin1/IdeaProjects/MovieLand)
2025-10-20T15:38:13.503+02:00  INFO 3326477 --- [main] Version1.Application                     : No active profile set, falling back to 1 default profile: "default"
2025-10-20T15:38:14.098+02:00  INFO 3326477 --- [main] .s.d.r.c.RepositoryConfigurationDelegate : Bootstrapping Spring Data JPA repositories in DEFAULT mode.
2025-10-20T15:38:14.175+02:00  INFO 3326477 --- [main] .s.d.r.c.RepositoryConfigurationDelegate : Finished Spring Data repository scanning in 63 ms. Found 6 JPA repository interfaces.
2025-10-20T15:38:14.681+02:00  INFO 3326477 --- [main] o.s.b.w.embedded.tomcat.TomcatWebServer  : Tomcat initialized with port 8081 (http)
2025-10-20T15:38:14.698+02:00  INFO 3326477 --- [main] o.apache.catalina.core.StandardService   : Starting service [Tomcat]
2025-10-20T15:38:14.699+02:00  INFO 3326477 --- [main] o.apache.catalina.core.StandardEngine    : Starting Servlet engine: [Apache Tomcat/10.1.46]
2025-10-20T15:38:14.748+02:00  INFO 3326477 --- [main] o.a.c.c.C.[Tomcat].[localhost].[/]       : Initializing Spring embedded WebApplicationContext
2025-10-20T15:38:14.749+02:00  INFO 3326477 --- [main] w.s.c.ServletWebServerApplicationContext : Root WebApplicationContext: initialization completed in 1181 ms
2025-10-20T15:38:14.960+02:00  INFO 3326477 --- [main] o.hibernate.jpa.internal.util.LogHelper  : HHH000204: Processing PersistenceUnitInfo [name: default]
2025-10-20T15:38:15.025+02:00  INFO 3326477 --- [main] org.hibernate.Version                    : HHH000412: Hibernate ORM core version 6.6.29.Final
2025-10-20T15:38:15.066+02:00  INFO 3326477 --- [main] o.h.c.internal.RegionFactoryInitiator    : HHH000026: Second-level cache disabled
2025-10-20T15:38:15.307+02:00  INFO 3326477 --- [main] o.s.o.j.p.SpringPersistenceUnitInfo      : No LoadTimeWeaver setup: ignoring JPA class transformer
2025-10-20T15:38:15.332+02:00  INFO 3326477 --- [main] com.zaxxer.hikari.HikariDataSource       : HikariPool-1 - Starting...
2025-10-20T15:38:15.578+02:00  INFO 3326477 --- [main] com.zaxxer.hikari.pool.HikariPool        : HikariPool-1 - Added connection conn1: url=jdbc:h2:file:./data/films user=SA
2025-10-20T15:38:15.580+02:00  INFO 3326477 --- [main] com.zaxxer.hikari.HikariDataSource       : HikariPool-1 - Start completed.
2025-10-20T15:38:15.597+02:00  WARN 3326477 --- [main] org.hibernate.orm.deprecation            : HHH90000025: H2Dialect does not need to be specified explicitly using 'hibernate.dialect' (remove the property setting and it will be selected by default)
2025-10-20T15:38:15.610+02:00  INFO 3326477 --- [main] org.hibernate.orm.connections.pooling    : HHH10001005: Database info:
	Database JDBC URL [Connecting through datasource 'HikariDataSource (HikariPool-1)']
	Database driver: undefined/unknown
	Database version: 2.3.232
	Autocommit mode: undefined/unknown
	Isolation level: undefined/unknown
	Minimum pool size: undefined/unknown
	Maximum pool size: undefined/unknown
2025-10-20T15:38:16.180+02:00  INFO 3326477 --- [main] o.h.e.t.j.p.i.JtaPlatformInitiator       : HHH000489: No JTA platform available (set 'hibernate.transaction.jta.platform' to enable JTA platform integration)
2025-10-20T15:38:16.210+02:00  INFO 3326477 --- [main] j.LocalContainerEntityManagerFactoryBean : Initialized JPA EntityManagerFactory for persistence unit 'default'
2025-10-20T15:38:16.677+02:00  WARN 3326477 --- [main] JpaBaseConfiguration$JpaWebConfiguration : spring.jpa.open-in-view is enabled by default. Therefore, database queries may be performed during view rendering. Explicitly configure spring.jpa.open-in-view to disable this warning
2025-10-20T15:38:16.981+02:00  INFO 3326477 --- [main] o.s.b.a.h2.H2ConsoleAutoConfiguration    : H2 console available at '/h2-console'. Database available at 'jdbc:h2:file:./data/films'
2025-10-20T15:38:17.063+02:00  INFO 3326477 --- [main] o.s.b.w.embedded.tomcat.TomcatWebServer  : Tomcat started on port 8081 (http) with context path '/'
2025-10-20T15:38:17.083+02:00  INFO 3326477 --- [main] Version1.Application                     : Started Application in 4.015 seconds (process running for 4.363)
2025-10-20T15:38:17.089+02:00  INFO 3326477 --- [main] Version1.DataLoader                      : 🚀 Начинаем загрузку данных...
2025-10-20T15:38:31.750+02:00  INFO 3326477 --- [SpringApplicationShutdownHook] o.s.b.w.e.tomcat.GracefulShutdown        : Commencing graceful shutdown. Waiting for active requests to complete
2025-10-20T15:38:31.755+02:00  INFO 3326477 --- [tomcat-shutdown] o.s.b.w.e.tomcat.GracefulShutdown        : Graceful shutdown complete
2025-10-20T15:38:31.762+02:00  INFO 3326477 --- [SpringApplicationShutdownHook] j.LocalContainerEntityManagerFactoryBean : Closing JPA EntityManagerFactory for persistence unit 'default'
2025-10-20T15:38:31.765+02:00  INFO 3326477 --- [SpringApplicationShutdownHook] com.zaxxer.hikari.HikariDataSource       : HikariPool-1 - Shutdown initiated...
2025-10-20T15:38:31.768+02:00  INFO 3326477 --- [SpringApplicationShutdownHook] com.zaxxer.hikari.HikariDataSource       : HikariPool-1 - Shutdown completed.
2025-10-20 15:52:03 INFO  [main] Application:53 - Starting Application using Java 25 with PID 3327691 (/home/admin1/IdeaProjects/MovieLand/target/classes started by admin1 in /home/admin1/IdeaProjects/MovieLand)
2025-10-20 15:52:03 DEBUG [main] Application:54 - Running with Spring Boot v3.5.6, Spring v6.2.11
2025-10-20 15:52:03 INFO  [main] Application:652 - No active profile set, falling back to 1 default profile: "default"
2025-10-20 15:52:04 INFO  [main] RepositoryConfigurationDelegate:145 - Bootstrapping Spring Data JPA repositories in DEFAULT mode.
2025-10-20 15:52:04 INFO  [main] RepositoryConfigurationDelegate:213 - Finished Spring Data repository scanning in 32 ms. Found 6 JPA repository interfaces.
2025-10-20 15:52:04 INFO  [main] TomcatWebServer:111 - Tomcat initialized with port 8081 (http)
2025-10-20 15:52:04 INFO  [main] Http11NioProtocol:168 - Initializing ProtocolHandler ["http-nio-8081"]
2025-10-20 15:52:04 INFO  [main] StandardService:168 - Starting service [Tomcat]
2025-10-20 15:52:04 INFO  [main] StandardEngine:168 - Starting Servlet engine: [Apache Tomcat/10.1.46]
2025-10-20 15:52:04 INFO  [main] [/]:168 - Initializing Spring embedded WebApplicationContext
2025-10-20 15:52:04 INFO  [main] ServletWebServerApplicationContext:301 - Root WebApplicationContext: initialization completed in 751 ms
2025-10-20 15:52:04 INFO  [main] SpringPersistenceUnitInfo:87 - No LoadTimeWeaver setup: ignoring JPA class transformer
2025-10-20 15:52:04 INFO  [main] HikariDataSource:109 - HikariPool-1 - Starting...
2025-10-20 15:52:05 INFO  [main] HikariPool:580 - HikariPool-1 - Added connection conn1: url=jdbc:h2:file:./data/films user=SA
2025-10-20 15:52:05 INFO  [main] HikariDataSource:122 - HikariPool-1 - Start completed.
2025-10-20 15:52:05 WARN  [main] deprecation:153 - HHH90000025: H2Dialect does not need to be specified explicitly using 'hibernate.dialect' (remove the property setting and it will be selected by default)
2025-10-20 15:52:05 INFO  [main] LocalContainerEntityManagerFactoryBean:447 - Initialized JPA EntityManagerFactory for persistence unit 'default'
2025-10-20 15:52:05 WARN  [main] JpaBaseConfiguration$JpaWebConfiguration:258 - spring.jpa.open-in-view is enabled by default. Therefore, database queries may be performed during view rendering. Explicitly configure spring.jpa.open-in-view to disable this warning
2025-10-20 15:52:06 INFO  [main] H2ConsoleAutoConfiguration:133 - H2 console available at '/h2-console'. Database available at 'jdbc:h2:file:./data/films'
2025-10-20 15:52:06 INFO  [main] Http11NioProtocol:168 - Starting ProtocolHandler ["http-nio-8081"]
2025-10-20 15:52:06 INFO  [main] TomcatWebServer:243 - Tomcat started on port 8081 (http) with context path '/'
2025-10-20 15:52:06 INFO  [main] Application:59 - Started Application in 2.809 seconds (process running for 3.455)
2025-10-20 15:52:06 INFO  [main] DataLoader:30 - 🚀 Начинаем загрузку данных...
2025-10-20 15:56:24 INFO  [http-nio-8081-exec-1] [/]:168 - Initializing Spring DispatcherServlet 'dispatcherServlet'
2025-10-20 15:56:24 INFO  [http-nio-8081-exec-1] DispatcherServlet:532 - Initializing Servlet 'dispatcherServlet'
2025-10-20 15:56:24 INFO  [http-nio-8081-exec-1] DispatcherServlet:554 - Completed initialization in 1 ms
2025-10-20 15:56:24 WARN  [http-nio-8081-exec-1] MovieExceptionHandler:21 -  user not found: user  control ID 8 not found
2025-10-20 15:56:48 INFO  [SpringApplicationShutdownHook] GracefulShutdown:54 - Commencing graceful shutdown. Waiting for active requests to complete
2025-10-20 15:56:48 INFO  [tomcat-shutdown] GracefulShutdown:76 - Graceful shutdown complete
2025-10-20 15:56:48 INFO  [SpringApplicationShutdownHook] LocalContainerEntityManagerFactoryBean:660 - Closing JPA EntityManagerFactory for persistence unit 'default'
2025-10-20 15:56:48 INFO  [SpringApplicationShutdownHook] HikariDataSource:349 - HikariPool-1 - Shutdown initiated...
2025-10-20 15:56:48 INFO  [SpringApplicationShutdownHook] HikariDataSource:351 - HikariPool-1 - Shutdown completed.
2025-10-20 15:56:52 INFO  [main] Application:53 - Starting Application using Java 25 with PID 3328190 (/home/admin1/IdeaProjects/MovieLand/target/classes started by admin1 in /home/admin1/IdeaProjects/MovieLand)
2025-10-20 15:56:52 DEBUG [main] Application:54 - Running with Spring Boot v3.5.6, Spring v6.2.11
2025-10-20 15:56:52 INFO  [main] Application:652 - No active profile set, falling back to 1 default profile: "default"
2025-10-20 15:56:53 INFO  [main] RepositoryConfigurationDelegate:145 - Bootstrapping Spring Data JPA repositories in DEFAULT mode.
2025-10-20 15:56:53 INFO  [main] RepositoryConfigurationDelegate:213 - Finished Spring Data repository scanning in 33 ms. Found 6 JPA repository interfaces.
2025-10-20 15:56:53 INFO  [main] TomcatWebServer:111 - Tomcat initialized with port 8081 (http)
2025-10-20 15:56:53 INFO  [main] Http11NioProtocol:168 - Initializing ProtocolHandler ["http-nio-8081"]
2025-10-20 15:56:53 INFO  [main] StandardService:168 - Starting service [Tomcat]
2025-10-20 15:56:53 INFO  [main] StandardEngine:168 - Starting Servlet engine: [Apache Tomcat/10.1.46]
2025-10-20 15:56:53 INFO  [main] [/]:168 - Initializing Spring embedded WebApplicationContext
2025-10-20 15:56:53 INFO  [main] ServletWebServerApplicationContext:301 - Root WebApplicationContext: initialization completed in 758 ms
2025-10-20 15:56:53 INFO  [main] SpringPersistenceUnitInfo:87 - No LoadTimeWeaver setup: ignoring JPA class transformer
2025-10-20 15:56:53 INFO  [main] HikariDataSource:109 - HikariPool-1 - Starting...
2025-10-20 15:56:54 INFO  [main] HikariPool:580 - HikariPool-1 - Added connection conn1: url=jdbc:h2:file:./data/films user=SA
2025-10-20 15:56:54 INFO  [main] HikariDataSource:122 - HikariPool-1 - Start completed.
2025-10-20 15:56:54 WARN  [main] deprecation:153 - HHH90000025: H2Dialect does not need to be specified explicitly using 'hibernate.dialect' (remove the property setting and it will be selected by default)
2025-10-20 15:56:54 INFO  [main] LocalContainerEntityManagerFactoryBean:447 - Initialized JPA EntityManagerFactory for persistence unit 'default'
2025-10-20 15:56:54 WARN  [main] JpaBaseConfiguration$JpaWebConfiguration:258 - spring.jpa.open-in-view is enabled by default. Therefore, database queries may be performed during view rendering. Explicitly configure spring.jpa.open-in-view to disable this warning
2025-10-20 15:56:55 INFO  [main] H2ConsoleAutoConfiguration:133 - H2 console available at '/h2-console'. Database available at 'jdbc:h2:file:./data/films'
2025-10-20 15:56:55 INFO  [main] Http11NioProtocol:168 - Starting ProtocolHandler ["http-nio-8081"]
2025-10-20 15:56:55 INFO  [main] TomcatWebServer:243 - Tomcat started on port 8081 (http) with context path '/'
2025-10-20 15:56:55 INFO  [main] Application:59 - Started Application in 2.89 seconds (process running for 3.572)
2025-10-20 15:56:55 INFO  [main] DataLoader:30 - 🚀 Начинаем загрузку данных...
2025-10-20 15:56:56 INFO  [http-nio-8081-exec-2] [/]:168 - Initializing Spring DispatcherServlet 'dispatcherServlet'
2025-10-20 15:56:56 INFO  [http-nio-8081-exec-2] DispatcherServlet:532 - Initializing Servlet 'dispatcherServlet'
2025-10-20 15:56:56 INFO  [http-nio-8081-exec-2] DispatcherServlet:554 - Completed initialization in 1 ms
2025-10-20 15:56:56 ERROR [http-nio-8081-exec-2] MovieExceptionHandler:21 -  user not found: user  control ID 8 not found
2025-10-20 22:40:58 INFO  [SpringApplicationShutdownHook] GracefulShutdown:54 - Commencing graceful shutdown. Waiting for active requests to complete
2025-10-20 22:40:58 INFO  [tomcat-shutdown] GracefulShutdown:76 - Graceful shutdown complete
2025-10-20 22:40:58 INFO  [SpringApplicationShutdownHook] LocalContainerEntityManagerFactoryBean:660 - Closing JPA EntityManagerFactory for persistence unit 'default'
2025-10-20 22:40:58 INFO  [SpringApplicationShutdownHook] HikariDataSource:349 - HikariPool-1 - Shutdown initiated...
2025-10-20 22:40:58 INFO  [SpringApplicationShutdownHook] HikariDataSource:351 - HikariPool-1 - Shutdown completed.
2025-10-20 22:41:02 INFO  [main] Application:53 - Starting Application using Java 25 with PID 3350395 (/home/admin1/IdeaProjects/MovieLand/target/classes started by admin1 in /home/admin1/IdeaProjects/MovieLand)
2025-10-20 22:41:02 DEBUG [main] Application:54 - Running with Spring Boot v3.5.6, Spring v6.2.11
2025-10-20 22:41:02 INFO  [main] Application:652 - No active profile set, falling back to 1 default profile: "default"
2025-10-20 22:41:02 INFO  [main] RepositoryConfigurationDelegate:145 - Bootstrapping Spring Data JPA repositories in DEFAULT mode.
2025-10-20 22:41:03 INFO  [main] RepositoryConfigurationDelegate:213 - Finished Spring Data repository scanning in 38 ms. Found 6 JPA repository interfaces.
2025-10-20 22:41:03 INFO  [main] TomcatWebServer:111 - Tomcat initialized with port 8081 (http)
2025-10-20 22:41:03 INFO  [main] Http11NioProtocol:168 - Initializing ProtocolHandler ["http-nio-8081"]
2025-10-20 22:41:03 INFO  [main] StandardService:168 - Starting service [Tomcat]
2025-10-20 22:41:03 INFO  [main] StandardEngine:168 - Starting Servlet engine: [Apache Tomcat/10.1.46]
2025-10-20 22:41:03 INFO  [main] [/]:168 - Initializing Spring embedded WebApplicationContext
2025-10-20 22:41:03 INFO  [main] ServletWebServerApplicationContext:301 - Root WebApplicationContext: initialization completed in 866 ms
2025-10-20 22:41:03 INFO  [main] SpringPersistenceUnitInfo:87 - No LoadTimeWeaver setup: ignoring JPA class transformer
2025-10-20 22:41:03 INFO  [main] HikariDataSource:109 - HikariPool-1 - Starting...
2025-10-20 22:41:03 INFO  [main] HikariPool:580 - HikariPool-1 - Added connection conn1: url=jdbc:h2:file:./data/films user=SA
2025-10-20 22:41:03 INFO  [main] HikariDataSource:122 - HikariPool-1 - Start completed.
2025-10-20 22:41:03 WARN  [main] deprecation:153 - HHH90000025: H2Dialect does not need to be specified explicitly using 'hibernate.dialect' (remove the property setting and it will be selected by default)
2025-10-20 22:41:04 INFO  [main] LocalContainerEntityManagerFactoryBean:447 - Initialized JPA EntityManagerFactory for persistence unit 'default'
2025-10-20 22:41:04 WARN  [main] JpaBaseConfiguration$JpaWebConfiguration:258 - spring.jpa.open-in-view is enabled by default. Therefore, database queries may be performed during view rendering. Explicitly configure spring.jpa.open-in-view to disable this warning
2025-10-20 22:41:05 INFO  [main] H2ConsoleAutoConfiguration:133 - H2 console available at '/h2-console'. Database available at 'jdbc:h2:file:./data/films'
2025-10-20 22:41:05 WARN  [main] UserDetailsServiceAutoConfiguration:90 - 

Using generated security password: e785efb0-a653-4e37-8c39-69a81ce3a77b

This generated password is for development use only. Your security configuration must be updated before running your application in production.

2025-10-20 22:41:05 INFO  [main] InitializeUserDetailsBeanManagerConfigurer$InitializeUserDetailsManagerConfigurer:110 - Global AuthenticationManager configured with UserDetailsService bean with name inMemoryUserDetailsManager
2025-10-20 22:41:05 INFO  [main] Http11NioProtocol:168 - Starting ProtocolHandler ["http-nio-8081"]
2025-10-20 22:41:05 INFO  [main] TomcatWebServer:243 - Tomcat started on port 8081 (http) with context path '/'
2025-10-20 22:41:05 INFO  [main] Application:59 - Started Application in 2.958 seconds (process running for 3.635)
2025-10-20 22:41:05 INFO  [main] DataLoader:30 - 🚀 Начинаем загрузку данных...
2025-10-20 22:41:15 INFO  [http-nio-8081-exec-2] [/]:168 - Initializing Spring DispatcherServlet 'dispatcherServlet'
2025-10-20 22:41:15 INFO  [http-nio-8081-exec-2] DispatcherServlet:532 - Initializing Servlet 'dispatcherServlet'
2025-10-20 22:41:15 INFO  [http-nio-8081-exec-2] DispatcherServlet:554 - Completed initialization in 1 ms
2025-10-20 22:42:12 INFO  [SpringApplicationShutdownHook] GracefulShutdown:54 - Commencing graceful shutdown. Waiting for active requests to complete
2025-10-20 22:42:12 INFO  [tomcat-shutdown] GracefulShutdown:76 - Graceful shutdown complete
2025-10-20 22:42:12 INFO  [SpringApplicationShutdownHook] LocalContainerEntityManagerFactoryBean:660 - Closing JPA EntityManagerFactory for persistence unit 'default'
2025-10-20 22:42:12 INFO  [SpringApplicationShutdownHook] HikariDataSource:349 - HikariPool-1 - Shutdown initiated...
2025-10-20 22:42:12 INFO  [SpringApplicationShutdownHook] HikariDataSource:351 - HikariPool-1 - Shutdown completed.
2025-10-20 22:42:16 INFO  [main] Application:53 - Starting Application using Java 25 with PID 3350629 (/home/admin1/IdeaProjects/MovieLand/target/classes started by admin1 in /home/admin1/IdeaProjects/MovieLand)
2025-10-20 22:42:16 DEBUG [main] Application:54 - Running with Spring Boot v3.5.6, Spring v6.2.11
2025-10-20 22:42:16 INFO  [main] Application:652 - No active profile set, falling back to 1 default profile: "default"
2025-10-20 22:42:17 INFO  [main] RepositoryConfigurationDelegate:145 - Bootstrapping Spring Data JPA repositories in DEFAULT mode.
2025-10-20 22:42:17 INFO  [main] RepositoryConfigurationDelegate:213 - Finished Spring Data repository scanning in 58 ms. Found 6 JPA repository interfaces.
2025-10-20 22:42:17 INFO  [main] TomcatWebServer:111 - Tomcat initialized with port 8081 (http)
2025-10-20 22:42:17 INFO  [main] Http11NioProtocol:168 - Initializing ProtocolHandler ["http-nio-8081"]
2025-10-20 22:42:17 INFO  [main] StandardService:168 - Starting service [Tomcat]
2025-10-20 22:42:17 INFO  [main] StandardEngine:168 - Starting Servlet engine: [Apache Tomcat/10.1.46]
2025-10-20 22:42:17 INFO  [main] [/]:168 - Initializing Spring embedded WebApplicationContext
2025-10-20 22:42:17 INFO  [main] ServletWebServerApplicationContext:301 - Root WebApplicationContext: initialization completed in 1007 ms
2025-10-20 22:42:18 INFO  [main] SpringPersistenceUnitInfo:87 - No LoadTimeWeaver setup: ignoring JPA class transformer
2025-10-20 22:42:18 INFO  [main] HikariDataSource:109 - HikariPool-1 - Starting...
2025-10-20 22:42:18 INFO  [main] HikariPool:580 - HikariPool-1 - Added connection conn1: url=jdbc:h2:file:./data/films user=SA
2025-10-20 22:42:18 INFO  [main] HikariDataSource:122 - HikariPool-1 - Start completed.
2025-10-20 22:42:18 WARN  [main] deprecation:153 - HHH90000025: H2Dialect does not need to be specified explicitly using 'hibernate.dialect' (remove the property setting and it will be selected by default)
2025-10-20 22:42:18 INFO  [main] LocalContainerEntityManagerFactoryBean:447 - Initialized JPA EntityManagerFactory for persistence unit 'default'
2025-10-20 22:42:19 WARN  [main] JpaBaseConfiguration$JpaWebConfiguration:258 - spring.jpa.open-in-view is enabled by default. Therefore, database queries may be performed during view rendering. Explicitly configure spring.jpa.open-in-view to disable this warning
2025-10-20 22:42:19 INFO  [main] H2ConsoleAutoConfiguration:133 - H2 console available at '/h2-console'. Database available at 'jdbc:h2:file:./data/films'
2025-10-20 22:42:19 WARN  [main] UserDetailsServiceAutoConfiguration:90 - 

Using generated security password: 2a09542c-69f6-4a09-9ea0-5a97690a6e44

This generated password is for development use only. Your security configuration must be updated before running your application in production.

2025-10-20 22:42:19 INFO  [main] InitializeUserDetailsBeanManagerConfigurer$InitializeUserDetailsManagerConfigurer:110 - Global AuthenticationManager configured with UserDetailsService bean with name inMemoryUserDetailsManager
2025-10-20 22:42:19 INFO  [main] Http11NioProtocol:168 - Starting ProtocolHandler ["http-nio-8081"]
2025-10-20 22:42:19 INFO  [main] TomcatWebServer:243 - Tomcat started on port 8081 (http) with context path '/'
2025-10-20 22:42:19 INFO  [main] Application:59 - Started Application in 3.228 seconds (process running for 3.86)
2025-10-20 22:42:19 INFO  [main] DataLoader:30 - 🚀 Начинаем загрузку данных...
2025-10-20 22:42:22 INFO  [http-nio-8081-exec-2] [/]:168 - Initializing Spring DispatcherServlet 'dispatcherServlet'
2025-10-20 22:42:22 INFO  [http-nio-8081-exec-2] DispatcherServlet:532 - Initializing Servlet 'dispatcherServlet'
2025-10-20 22:42:22 INFO  [http-nio-8081-exec-2] DispatcherServlet:554 - Completed initialization in 0 ms
2025-10-20 22:42:48 INFO  [SpringApplicationShutdownHook] GracefulShutdown:54 - Commencing graceful shutdown. Waiting for active requests to complete
2025-10-20 22:42:48 INFO  [tomcat-shutdown] GracefulShutdown:76 - Graceful shutdown complete
2025-10-20 22:42:48 INFO  [SpringApplicationShutdownHook] LocalContainerEntityManagerFactoryBean:660 - Closing JPA EntityManagerFactory for persistence unit 'default'
2025-10-20 22:42:48 INFO  [SpringApplicationShutdownHook] HikariDataSource:349 - HikariPool-1 - Shutdown initiated...
2025-10-20 22:42:48 INFO  [SpringApplicationShutdownHook] HikariDataSource:351 - HikariPool-1 - Shutdown completed.
2025-10-20 22:42:51 INFO  [main] Application:53 - Starting Application using Java 25 with PID 3350808 (/home/admin1/IdeaProjects/MovieLand/target/classes started by admin1 in /home/admin1/IdeaProjects/MovieLand)
2025-10-20 22:42:51 DEBUG [main] Application:54 - Running with Spring Boot v3.5.6, Spring v6.2.11
2025-10-20 22:42:51 INFO  [main] Application:652 - No active profile set, falling back to 1 default profile: "default"
2025-10-20 22:42:51 INFO  [main] RepositoryConfigurationDelegate:145 - Bootstrapping Spring Data JPA repositories in DEFAULT mode.
2025-10-20 22:42:52 INFO  [main] RepositoryConfigurationDelegate:213 - Finished Spring Data repository scanning in 50 ms. Found 6 JPA repository interfaces.
2025-10-20 22:42:52 INFO  [main] TomcatWebServer:111 - Tomcat initialized with port 8081 (http)
2025-10-20 22:42:52 INFO  [main] Http11NioProtocol:168 - Initializing ProtocolHandler ["http-nio-8081"]
2025-10-20 22:42:52 INFO  [main] StandardService:168 - Starting service [Tomcat]
2025-10-20 22:42:52 INFO  [main] StandardEngine:168 - Starting Servlet engine: [Apache Tomcat/10.1.46]
2025-10-20 22:42:52 INFO  [main] [/]:168 - Initializing Spring embedded WebApplicationContext
2025-10-20 22:42:52 INFO  [main] ServletWebServerApplicationContext:301 - Root WebApplicationContext: initialization completed in 1220 ms
2025-10-20 22:42:53 INFO  [main] SpringPersistenceUnitInfo:87 - No LoadTimeWeaver setup: ignoring JPA class transformer
2025-10-20 22:42:53 INFO  [main] HikariDataSource:109 - HikariPool-1 - Starting...
2025-10-20 22:42:53 INFO  [main] HikariPool:580 - HikariPool-1 - Added connection conn1: url=jdbc:h2:file:./data/films user=SA
2025-10-20 22:42:53 INFO  [main] HikariDataSource:122 - HikariPool-1 - Start completed.
2025-10-20 22:42:53 WARN  [main] deprecation:153 - HHH90000025: H2Dialect does not need to be specified explicitly using 'hibernate.dialect' (remove the property setting and it will be selected by default)
2025-10-20 22:42:54 INFO  [main] LocalContainerEntityManagerFactoryBean:447 - Initialized JPA EntityManagerFactory for persistence unit 'default'
2025-10-20 22:42:54 WARN  [main] JpaBaseConfiguration$JpaWebConfiguration:258 - spring.jpa.open-in-view is enabled by default. Therefore, database queries may be performed during view rendering. Explicitly configure spring.jpa.open-in-view to disable this warning
2025-10-20 22:42:54 INFO  [main] H2ConsoleAutoConfiguration:133 - H2 console available at '/h2-console'. Database available at 'jdbc:h2:file:./data/films'
2025-10-20 22:42:54 WARN  [main] UserDetailsServiceAutoConfiguration:90 - 

Using generated security password: e7d4f22a-5789-4f6a-a55a-ab252418e4a2

This generated password is for development use only. Your security configuration must be updated before running your application in production.

2025-10-20 22:42:54 INFO  [main] InitializeUserDetailsBeanManagerConfigurer$InitializeUserDetailsManagerConfigurer:110 - Global AuthenticationManager configured with UserDetailsService bean with name inMemoryUserDetailsManager
2025-10-20 22:42:55 INFO  [main] Http11NioProtocol:168 - Starting ProtocolHandler ["http-nio-8081"]
2025-10-20 22:42:55 INFO  [main] TomcatWebServer:243 - Tomcat started on port 8081 (http) with context path '/'
2025-10-20 22:42:55 INFO  [main] Application:59 - Started Application in 4.146 seconds (process running for 5.127)
2025-10-20 22:42:55 INFO  [main] DataLoader:30 - 🚀 Начинаем загрузку данных...
2025-10-20 22:42:58 INFO  [http-nio-8081-exec-1] [/]:168 - Initializing Spring DispatcherServlet 'dispatcherServlet'
2025-10-20 22:42:58 INFO  [http-nio-8081-exec-1] DispatcherServlet:532 - Initializing Servlet 'dispatcherServlet'
2025-10-20 22:42:58 INFO  [http-nio-8081-exec-1] DispatcherServlet:554 - Completed initialization in 0 ms
2025-10-20 22:44:47 INFO  [SpringApplicationShutdownHook] GracefulShutdown:54 - Commencing graceful shutdown. Waiting for active requests to complete
2025-10-20 22:44:47 INFO  [tomcat-shutdown] GracefulShutdown:76 - Graceful shutdown complete
2025-10-20 22:44:47 INFO  [SpringApplicationShutdownHook] LocalContainerEntityManagerFactoryBean:660 - Closing JPA EntityManagerFactory for persistence unit 'default'
2025-10-20 22:44:47 INFO  [SpringApplicationShutdownHook] HikariDataSource:349 - HikariPool-1 - Shutdown initiated...
2025-10-20 22:44:47 INFO  [SpringApplicationShutdownHook] HikariDataSource:351 - HikariPool-1 - Shutdown completed.
2025-10-20 22:44:58 INFO  [main] Application:53 - Starting Application using Java 25 with PID 3351228 (/home/admin1/IdeaProjects/MovieLand/target/classes started by admin1 in /home/admin1/IdeaProjects/MovieLand)
2025-10-20 22:44:58 DEBUG [main] Application:54 - Running with Spring Boot v3.5.6, Spring v6.2.11
2025-10-20 22:44:58 INFO  [main] Application:652 - No active profile set, falling back to 1 default profile: "default"
2025-10-20 22:44:58 INFO  [main] RepositoryConfigurationDelegate:145 - Bootstrapping Spring Data JPA repositories in DEFAULT mode.
2025-10-20 22:44:58 INFO  [main] RepositoryConfigurationDelegate:213 - Finished Spring Data repository scanning in 45 ms. Found 6 JPA repository interfaces.
2025-10-20 22:44:58 INFO  [main] TomcatWebServer:111 - Tomcat initialized with port 8081 (http)
2025-10-20 22:44:58 INFO  [main] Http11NioProtocol:168 - Initializing ProtocolHandler ["http-nio-8081"]
2025-10-20 22:44:58 INFO  [main] StandardService:168 - Starting service [Tomcat]
2025-10-20 22:44:58 INFO  [main] StandardEngine:168 - Starting Servlet engine: [Apache Tomcat/10.1.46]
2025-10-20 22:44:59 INFO  [main] [/]:168 - Initializing Spring embedded WebApplicationContext
2025-10-20 22:44:59 INFO  [main] ServletWebServerApplicationContext:301 - Root WebApplicationContext: initialization completed in 861 ms
2025-10-20 22:44:59 INFO  [main] SpringPersistenceUnitInfo:87 - No LoadTimeWeaver setup: ignoring JPA class transformer
2025-10-20 22:44:59 INFO  [main] HikariDataSource:109 - HikariPool-1 - Starting...
2025-10-20 22:44:59 INFO  [main] HikariPool:580 - HikariPool-1 - Added connection conn1: url=jdbc:h2:file:./data/films user=SA
2025-10-20 22:44:59 INFO  [main] HikariDataSource:122 - HikariPool-1 - Start completed.
2025-10-20 22:44:59 WARN  [main] deprecation:153 - HHH90000025: H2Dialect does not need to be specified explicitly using 'hibernate.dialect' (remove the property setting and it will be selected by default)
2025-10-20 22:45:00 INFO  [main] LocalContainerEntityManagerFactoryBean:447 - Initialized JPA EntityManagerFactory for persistence unit 'default'
2025-10-20 22:45:00 WARN  [main] JpaBaseConfiguration$JpaWebConfiguration:258 - spring.jpa.open-in-view is enabled by default. Therefore, database queries may be performed during view rendering. Explicitly configure spring.jpa.open-in-view to disable this warning
2025-10-20 22:45:00 INFO  [main] H2ConsoleAutoConfiguration:133 - H2 console available at '/h2-console'. Database available at 'jdbc:h2:file:./data/films'
2025-10-20 22:45:00 INFO  [main] Http11NioProtocol:168 - Starting ProtocolHandler ["http-nio-8081"]
2025-10-20 22:45:00 INFO  [main] TomcatWebServer:243 - Tomcat started on port 8081 (http) with context path '/'
2025-10-20 22:45:00 INFO  [main] Application:59 - Started Application in 2.631 seconds (process running for 3.208)
2025-10-20 22:45:00 INFO  [main] DataLoader:30 - 🚀 Начинаем загрузку данных...
2025-10-20 22:45:04 INFO  [http-nio-8081-exec-1] [/]:168 - Initializing Spring DispatcherServlet 'dispatcherServlet'
2025-10-20 22:45:04 INFO  [http-nio-8081-exec-1] DispatcherServlet:532 - Initializing Servlet 'dispatcherServlet'
2025-10-20 22:45:04 INFO  [http-nio-8081-exec-1] DispatcherServlet:554 - Completed initialization in 1 ms
